[2026-02-10 18:09:36Z INFO HostContext] No proxy settings were found based on environmental variables (http_proxy/https_proxy/HTTP_PROXY/HTTPS_PROXY)
[2026-02-10 18:09:36Z INFO HostContext] Well known directory 'Bin': 'C:\Users\Romdhani\Desktop\monday\actions-runner\bin'
[2026-02-10 18:09:36Z INFO HostContext] Well known directory 'Root': 'C:\Users\Romdhani\Desktop\monday\actions-runner'
[2026-02-10 18:09:36Z INFO HostContext] Well known config file 'Credentials': 'C:\Users\Romdhani\Desktop\monday\actions-runner\.credentials'
[2026-02-10 18:09:36Z INFO HostContext] Well known directory 'Bin': 'C:\Users\Romdhani\Desktop\monday\actions-runner\bin'
[2026-02-10 18:09:36Z INFO HostContext] Well known directory 'Root': 'C:\Users\Romdhani\Desktop\monday\actions-runner'
[2026-02-10 18:09:36Z INFO HostContext] Well known config file 'Runner': 'C:\Users\Romdhani\Desktop\monday\actions-runner\.runner'
[2026-02-10 18:09:36Z INFO Listener] Runner is built for Windows (X64) - win-x64.
[2026-02-10 18:09:36Z INFO Listener] RuntimeInformation: Microsoft Windows 10.0.26200.
[2026-02-10 18:09:36Z INFO Listener] Version: 2.321.0
[2026-02-10 18:09:36Z INFO Listener] Commit: e249007931b7c8e857797fa259c167f0bd4f997a
[2026-02-10 18:09:36Z INFO Listener] Culture: en-US
[2026-02-10 18:09:36Z INFO Listener] UI Culture: en-US
[2026-02-10 18:09:36Z INFO HostContext] Well known directory 'Bin': 'C:\Users\Romdhani\Desktop\monday\actions-runner\bin'
[2026-02-10 18:09:36Z INFO HostContext] Well known directory 'Root': 'C:\Users\Romdhani\Desktop\monday\actions-runner'
[2026-02-10 18:09:36Z INFO Listener] Validating directory permissions for: 'C:\Users\Romdhani\Desktop\monday\actions-runner'
[2026-02-10 18:09:36Z INFO CommandLineParser] Parse
[2026-02-10 18:09:36Z INFO CommandLineParser] Parsing 5 args
[2026-02-10 18:09:36Z INFO CommandLineParser] parsing argument
[2026-02-10 18:09:36Z INFO CommandLineParser] HasArgs: False
[2026-02-10 18:09:36Z INFO CommandLineParser] Adding Command: configure
[2026-02-10 18:09:36Z INFO CommandLineParser] parsing argument
[2026-02-10 18:09:36Z INFO CommandLineParser] HasArgs: True
[2026-02-10 18:09:36Z INFO CommandLineParser] arg: url
[2026-02-10 18:09:36Z INFO CommandLineParser] parsing argument
[2026-02-10 18:09:36Z INFO CommandLineParser] HasArgs: True
[2026-02-10 18:09:36Z INFO CommandLineParser] Adding option 'url': 'https://github.com/Romdhani-void/todo-devops'
[2026-02-10 18:09:36Z INFO CommandLineParser] parsing argument
[2026-02-10 18:09:36Z INFO CommandLineParser] HasArgs: True
[2026-02-10 18:09:36Z INFO CommandLineParser] arg: token
[2026-02-10 18:09:36Z INFO CommandLineParser] parsing argument
[2026-02-10 18:09:36Z INFO CommandLineParser] HasArgs: True
[2026-02-10 18:09:36Z INFO CommandLineParser] Adding option 'token': '***'
[2026-02-10 18:09:36Z INFO Listener] Arguments parsed
[2026-02-10 18:09:36Z INFO Runner] ExecuteCommand
[2026-02-10 18:09:36Z INFO ConfigurationStore] currentAssemblyLocation: C:\Users\Romdhani\Desktop\monday\actions-runner\bin\Runner.Listener.dll
[2026-02-10 18:09:36Z INFO HostContext] Well known directory 'Bin': 'C:\Users\Romdhani\Desktop\monday\actions-runner\bin'
[2026-02-10 18:09:36Z INFO ConfigurationStore] binPath: C:\Users\Romdhani\Desktop\monday\actions-runner\bin
[2026-02-10 18:09:36Z INFO HostContext] Well known directory 'Bin': 'C:\Users\Romdhani\Desktop\monday\actions-runner\bin'
[2026-02-10 18:09:36Z INFO HostContext] Well known directory 'Root': 'C:\Users\Romdhani\Desktop\monday\actions-runner'
[2026-02-10 18:09:36Z INFO ConfigurationStore] RootFolder: C:\Users\Romdhani\Desktop\monday\actions-runner
[2026-02-10 18:09:36Z INFO HostContext] Well known directory 'Bin': 'C:\Users\Romdhani\Desktop\monday\actions-runner\bin'
[2026-02-10 18:09:36Z INFO HostContext] Well known directory 'Root': 'C:\Users\Romdhani\Desktop\monday\actions-runner'
[2026-02-10 18:09:36Z INFO HostContext] Well known config file 'Runner': 'C:\Users\Romdhani\Desktop\monday\actions-runner\.runner'
[2026-02-10 18:09:36Z INFO ConfigurationStore] ConfigFilePath: C:\Users\Romdhani\Desktop\monday\actions-runner\.runner
[2026-02-10 18:09:36Z INFO HostContext] Well known directory 'Bin': 'C:\Users\Romdhani\Desktop\monday\actions-runner\bin'
[2026-02-10 18:09:36Z INFO HostContext] Well known directory 'Root': 'C:\Users\Romdhani\Desktop\monday\actions-runner'
[2026-02-10 18:09:36Z INFO HostContext] Well known config file 'Credentials': 'C:\Users\Romdhani\Desktop\monday\actions-runner\.credentials'
[2026-02-10 18:09:36Z INFO ConfigurationStore] CredFilePath: C:\Users\Romdhani\Desktop\monday\actions-runner\.credentials
[2026-02-10 18:09:36Z INFO HostContext] Well known directory 'Bin': 'C:\Users\Romdhani\Desktop\monday\actions-runner\bin'
[2026-02-10 18:09:36Z INFO HostContext] Well known directory 'Root': 'C:\Users\Romdhani\Desktop\monday\actions-runner'
[2026-02-10 18:09:36Z INFO HostContext] Well known config file 'MigratedCredentials': 'C:\Users\Romdhani\Desktop\monday\actions-runner\.credentials_migrated'
[2026-02-10 18:09:36Z INFO ConfigurationStore] MigratedCredFilePath: C:\Users\Romdhani\Desktop\monday\actions-runner\.credentials_migrated
[2026-02-10 18:09:36Z INFO HostContext] Well known directory 'Bin': 'C:\Users\Romdhani\Desktop\monday\actions-runner\bin'
[2026-02-10 18:09:36Z INFO HostContext] Well known directory 'Root': 'C:\Users\Romdhani\Desktop\monday\actions-runner'
[2026-02-10 18:09:36Z INFO HostContext] Well known config file 'Service': 'C:\Users\Romdhani\Desktop\monday\actions-runner\.service'
[2026-02-10 18:09:36Z INFO ConfigurationStore] ServiceConfigFilePath: C:\Users\Romdhani\Desktop\monday\actions-runner\.service
[2026-02-10 18:09:36Z INFO CommandSettings] Flag 'help': 'False'
[2026-02-10 18:09:36Z INFO CommandSettings] Flag 'version': 'False'
[2026-02-10 18:09:36Z INFO CommandSettings] Flag 'commit': 'False'
[2026-02-10 18:09:36Z INFO CommandSettings] Flag 'check': 'False'
[2026-02-10 18:09:36Z INFO CommandSettings] Command 'configure': 'True'
[2026-02-10 18:09:36Z INFO Terminal] WRITE LINE: 
[2026-02-10 18:09:36Z INFO Terminal] WRITE LINE: --------------------------------------------------------------------------------
[2026-02-10 18:09:36Z INFO Terminal] WRITE LINE: |        ____ _ _   _   _       _          _        _   _                      |
[2026-02-10 18:09:36Z INFO Terminal] WRITE LINE: |       / ___(_) |_| | | |_   _| |__      / \   ___| |_(_) ___  _ __  ___      |
[2026-02-10 18:09:36Z INFO Terminal] WRITE LINE: |      | |  _| | __| |_| | | | | '_ \    / _ \ / __| __| |/ _ \| '_ \/ __|     |
[2026-02-10 18:09:36Z INFO Terminal] WRITE LINE: |      | |_| | | |_|  _  | |_| | |_) |  / ___ \ (__| |_| | (_) | | | \__ \     |
[2026-02-10 18:09:36Z INFO Terminal] WRITE LINE: |       \____|_|\__|_| |_|\__,_|_.__/  /_/   \_\___|\__|_|\___/|_| |_|___/     |
[2026-02-10 18:09:36Z INFO Terminal] WRITE LINE: |                                                                              |
[2026-02-10 18:09:36Z INFO Terminal] WRITE: |                       
[2026-02-10 18:09:36Z INFO Terminal] WRITE: Self-hosted runner registration
[2026-02-10 18:09:36Z INFO Terminal] WRITE LINE:                         |
[2026-02-10 18:09:36Z INFO Terminal] WRITE LINE: |                                                                              |
[2026-02-10 18:09:36Z INFO Terminal] WRITE LINE: --------------------------------------------------------------------------------
[2026-02-10 18:09:36Z INFO ConfigurationManager] ConfigureAsync
[2026-02-10 18:09:36Z INFO CommandSettings] Flag 'generateServiceConfig': 'False'
[2026-02-10 18:09:36Z INFO ConfigurationStore] IsConfigured()
[2026-02-10 18:09:36Z INFO ConfigurationStore] IsConfigured: False
[2026-02-10 18:09:36Z INFO ConfigurationManager] Is configured: False
[2026-02-10 18:09:36Z INFO CommandSettings] Arg 'url': 'https://github.com/Romdhani-void/todo-devops'
[2026-02-10 18:09:36Z INFO CommandSettings] Remove url from Arg dictionary.
[2026-02-10 18:09:36Z INFO CommandSettings] Arg 'token': '***'
[2026-02-10 18:09:36Z INFO CommandSettings] Remove token from Arg dictionary.
[2026-02-10 18:09:38Z INFO ConfigurationManager] Http response code: OK from 'POST https://api.github.com/actions/runner-registration' (7A0E:31B50A:90F569A:8735331:698B7462)
[2026-02-10 18:09:38Z INFO ConfigurationManager] Using V2 flow: False
[2026-02-10 18:09:38Z INFO ConfigurationManager] cred retrieved via GitHub auth
[2026-02-10 18:09:38Z INFO RunnerServer] EstablishVssConnection
[2026-02-10 18:09:38Z INFO RunnerServer] Establish connection with 100 seconds timeout.
[2026-02-10 18:09:39Z INFO GitHubActionsService] Starting operation Location.GetConnectionData
[2026-02-10 18:09:39Z INFO RunnerServer] EstablishVssConnection
[2026-02-10 18:09:39Z INFO RunnerServer] Establish connection with 60 seconds timeout.
[2026-02-10 18:09:39Z INFO GitHubActionsService] Starting operation Location.GetConnectionData
[2026-02-10 18:09:39Z INFO RunnerServer] EstablishVssConnection
[2026-02-10 18:09:39Z INFO RunnerServer] Establish connection with 60 seconds timeout.
[2026-02-10 18:09:39Z INFO GitHubActionsService] Starting operation Location.GetConnectionData
[2026-02-10 18:09:39Z INFO GitHubActionsService] Finished operation Location.GetConnectionData
[2026-02-10 18:09:39Z INFO GitHubActionsService] Finished operation Location.GetConnectionData
[2026-02-10 18:09:39Z INFO GitHubActionsService] Finished operation Location.GetConnectionData
[2026-02-10 18:09:40Z INFO Terminal] WRITE LINE: 
[2026-02-10 18:09:40Z INFO ConfigurationManager] Test Connection complete.
[2026-02-10 18:09:40Z INFO HostContext] Well known directory 'Bin': 'C:\Users\Romdhani\Desktop\monday\actions-runner\bin'
[2026-02-10 18:09:40Z INFO HostContext] Well known directory 'Root': 'C:\Users\Romdhani\Desktop\monday\actions-runner'
[2026-02-10 18:09:40Z INFO HostContext] Well known config file 'RSACredentials': 'C:\Users\Romdhani\Desktop\monday\actions-runner\.credentials_rsaparams'
[2026-02-10 18:09:40Z INFO RSAEncryptedFileKeyManager] Creating new RSA key using 2048-bit key length
[2026-02-10 18:09:40Z INFO RSAEncryptedFileKeyManager] Successfully saved RSA key parameters to file C:\Users\Romdhani\Desktop\monday\actions-runner\.credentials_rsaparams
[2026-02-10 18:09:40Z INFO CommandSettings] Arg 'runnergroup': ''
[2026-02-10 18:09:40Z INFO CommandSettings] Flag 'unattended': 'False'
[2026-02-10 18:09:40Z INFO PromptManager] ReadValue
[2026-02-10 18:09:40Z INFO Terminal] WRITE: Enter the name of the runner group to add this runner to: 
[2026-02-10 18:09:40Z INFO Terminal] WRITE: [press Enter for Default] 
[2026-02-10 18:09:40Z INFO Terminal] READ LINE
[2026-02-10 18:09:48Z INFO Terminal] Read value: ''
[2026-02-10 18:09:48Z INFO PromptManager] Falling back to the default: 'Default'
[2026-02-10 18:09:48Z INFO Terminal] WRITE LINE: 
[2026-02-10 18:09:48Z INFO ConfigurationManager] Found a self-hosted runner group with id 1 and name Default
[2026-02-10 18:09:48Z INFO CommandSettings] Flag 'disableupdate': 'False'
[2026-02-10 18:09:48Z INFO CommandSettings] Flag 'ephemeral': 'False'
[2026-02-10 18:09:48Z INFO CommandSettings] Arg 'name': ''
[2026-02-10 18:09:48Z INFO CommandSettings] Flag 'unattended': 'False'
[2026-02-10 18:09:48Z INFO PromptManager] ReadValue
[2026-02-10 18:09:48Z INFO Terminal] WRITE: Enter the name of runner: 
[2026-02-10 18:09:48Z INFO Terminal] WRITE: [press Enter for DESKTOP-D5GHN4B] 
[2026-02-10 18:09:48Z INFO Terminal] READ LINE
[2026-02-10 18:09:50Z INFO Terminal] Read value: ''
[2026-02-10 18:09:50Z INFO PromptManager] Falling back to the default: 'DESKTOP-D5GHN4B'
[2026-02-10 18:09:50Z INFO Terminal] WRITE LINE: 
[2026-02-10 18:09:50Z INFO CommandSettings] Arg 'labels': ''
[2026-02-10 18:09:50Z INFO CommandSettings] Flag 'unattended': 'False'
[2026-02-10 18:09:50Z INFO PromptManager] ReadValue
[2026-02-10 18:09:50Z INFO Terminal] WRITE: This runner will have the following labels: 'self-hosted', 'Windows', 'X64' 
Enter any additional labels (ex. label-1,label-2): 
[2026-02-10 18:09:50Z INFO Terminal] WRITE: [press Enter to skip] 
[2026-02-10 18:09:50Z INFO Terminal] READ LINE
[2026-02-10 18:09:51Z INFO Terminal] Read value: ''
[2026-02-10 18:09:51Z INFO Terminal] WRITE LINE: 
[2026-02-10 18:09:52Z INFO CommandSettings] Flag 'disableupdate': 'False'
[2026-02-10 18:09:52Z INFO CommandSettings] Flag 'no-default-labels': 'False'
[2026-02-10 18:09:52Z INFO CommandSettings] Flag 'disableupdate': 'False'
[2026-02-10 18:09:52Z INFO CommandSettings] Flag 'ephemeral': 'False'
[2026-02-10 18:09:52Z INFO ConfigurationStore] Saving OAuth credential @ C:\Users\Romdhani\Desktop\monday\actions-runner\.credentials
[2026-02-10 18:09:52Z INFO ConfigurationStore] Credentials Saved.
[2026-02-10 18:09:52Z INFO ConfigurationStore] HasCredentials()
[2026-02-10 18:09:52Z INFO ConfigurationStore] stored True
[2026-02-10 18:09:52Z INFO CredentialManager] GetCredentialProvider
[2026-02-10 18:09:52Z INFO CredentialManager] Creating type OAuth
[2026-02-10 18:09:52Z INFO CredentialManager] Creating credential type: OAuth
[2026-02-10 18:09:52Z INFO RSAEncryptedFileKeyManager] Loading RSA key parameters from file C:\Users\Romdhani\Desktop\monday\actions-runner\.credentials_rsaparams
[2026-02-10 18:09:52Z INFO RunnerServer] EstablishVssConnection
[2026-02-10 18:09:52Z INFO RunnerServer] Establish connection with 100 seconds timeout.
[2026-02-10 18:09:52Z INFO GitHubActionsService] Starting operation Location.GetConnectionData
[2026-02-10 18:09:52Z INFO RunnerServer] EstablishVssConnection
[2026-02-10 18:09:52Z INFO RunnerServer] Establish connection with 60 seconds timeout.
[2026-02-10 18:09:52Z INFO GitHubActionsService] Starting operation Location.GetConnectionData
[2026-02-10 18:09:52Z INFO RunnerServer] EstablishVssConnection
[2026-02-10 18:09:52Z INFO RunnerServer] Establish connection with 60 seconds timeout.
[2026-02-10 18:09:52Z INFO GitHubActionsService] Starting operation Location.GetConnectionData
[2026-02-10 18:09:53Z INFO GitHubActionsService] Finished operation Location.GetConnectionData
[2026-02-10 18:09:53Z INFO GitHubActionsService] Finished operation Location.GetConnectionData
[2026-02-10 18:09:53Z INFO GitHubActionsService] Finished operation Location.GetConnectionData
[2026-02-10 18:09:53Z INFO RSAEncryptedFileKeyManager] Loading RSA key parameters from file C:\Users\Romdhani\Desktop\monday\actions-runner\.credentials_rsaparams
[2026-02-10 18:09:53Z INFO RSAEncryptedFileKeyManager] Loading RSA key parameters from file C:\Users\Romdhani\Desktop\monday\actions-runner\.credentials_rsaparams
[2026-02-10 18:09:53Z INFO GitHubActionsService] AAD Correlation ID for this token request: Unknown
[2026-02-10 18:09:53Z INFO CommandSettings] Arg 'work': ''
[2026-02-10 18:09:53Z INFO CommandSettings] Flag 'unattended': 'False'
[2026-02-10 18:09:53Z INFO PromptManager] ReadValue
[2026-02-10 18:09:53Z INFO Terminal] WRITE: Enter name of work folder: 
[2026-02-10 18:09:53Z INFO Terminal] WRITE: [press Enter for _work] 
[2026-02-10 18:09:53Z INFO Terminal] READ LINE
[2026-02-10 18:09:55Z INFO Terminal] Read value: ''
[2026-02-10 18:09:55Z INFO PromptManager] Falling back to the default: '_work'
[2026-02-10 18:09:55Z INFO ConfigurationStore] Saving runner settings.
[2026-02-10 18:09:55Z INFO ConfigurationStore] Settings Saved.
[2026-02-10 18:09:55Z INFO Terminal] WRITE LINE: 
[2026-02-10 18:09:55Z INFO Terminal] WRITE LINE: 
[2026-02-10 18:09:55Z INFO CommandSettings] Flag 'runasservice': 'False'
[2026-02-10 18:09:55Z INFO CommandSettings] Flag 'unattended': 'False'
[2026-02-10 18:09:55Z INFO PromptManager] ReadValue
[2026-02-10 18:09:55Z INFO Terminal] WRITE: Would you like to run the runner as service? (Y/N) 
[2026-02-10 18:09:55Z INFO Terminal] WRITE: [press Enter for N] 
[2026-02-10 18:09:55Z INFO Terminal] READ LINE
[2026-02-10 18:09:59Z INFO Terminal] Read value: ''
[2026-02-10 18:09:59Z INFO PromptManager] Falling back to the default: 'N'
[2026-02-10 18:09:59Z INFO Listener] Runner execution has finished with return code 0
